\BOOKMARK [0][-]{chapter*.5}{\376\377\000P\000o\000d\001\033\000k\000o\000v\000\341\000n\000\355}{}% 1
\BOOKMARK [0][-]{chapter*.6}{\376\377\000P\000r\000o\000h\000l\000\341\001\141\000e\000n\000\355}{}% 2
\BOOKMARK [0][-]{chapter*.7}{\376\377\000A\000b\000s\000t\000r\000a\000k\000t}{}% 3
\BOOKMARK [0][-]{chapter*.8}{\376\377\000S\000h\000r\000n\000u\000t\000\355}{}% 4
\BOOKMARK [0][-]{chapter*.9}{\376\377\000S\000e\000z\000n\000a\000m\000\040\000z\000k\000r\000a\000t\000e\000k}{}% 5
\BOOKMARK [0][-]{chapter.1}{\376\377\000\332\000v\000o\000d}{}% 6
\BOOKMARK [1][-]{section.1.1}{\376\377\000M\000o\000t\000i\000v\000a\000c\000e}{chapter.1}% 7
\BOOKMARK [1][-]{section.1.2}{\376\377\000C\000\355\000l\000e\000\040\000t\000\351\000t\000o\000\040\000p\000r\000\341\000c\000e}{chapter.1}% 8
\BOOKMARK [1][-]{section.1.3}{\376\377\000A\000k\000t\000u\000\341\000l\000n\000\355\000\040\000s\000t\000a\000v\000\040\000v\000\375\000z\000k\000u\000m\000u\000\040\000h\000y\000p\000e\000r\000h\000e\000u\000r\000i\000s\000t\000i\000k}{chapter.1}% 9
\BOOKMARK [0][-]{chapter.2}{\376\377\000T\000e\000o\000r\000i\000e}{}% 10
\BOOKMARK [1][-]{section.2.1}{\376\377\000O\000p\000t\000i\000m\000a\000l\000i\000z\000a\001\015\000n\000\355\000\040\000p\000r\000o\000b\000l\000\351\000m\000y}{chapter.2}% 11
\BOOKMARK [2][-]{subsection.2.1.1}{\376\377\000P\000r\000o\000b\000l\000\351\000m\000\040\000s\000p\000l\000n\000i\000t\000e\000l\000n\000o\000s\000t\000i\000\040\000b\000o\000o\000l\000e\000o\000v\000s\000k\000\351\000\040\000f\000o\000r\000m\000u\000l\000e}{section.2.1}% 12
\BOOKMARK [2][-]{subsection.2.1.2}{\376\377\000P\000r\000o\000b\000l\000\351\000m\000\040\000o\000b\000c\000h\000o\000d\000n\000\355\000h\000o\000\040\000c\000e\000s\000t\000u\000j\000\355\000c\000\355\000h\000o}{section.2.1}% 13
\BOOKMARK [1][-]{section.2.2}{\376\377\000H\000e\000u\000r\000i\000s\000t\000i\000k\000y}{chapter.2}% 14
\BOOKMARK [2][-]{subsection.2.2.1}{\376\377\000N\000\341\000h\000o\000d\000n\000\351\000\040\001\131\000e\001\141\000e\000n\000\355}{section.2.2}% 15
\BOOKMARK [2][-]{subsection.2.2.2}{\376\377\000H\000l\000a\000d\000o\000v\000\375\000\040\000a\000l\000g\000o\000r\000i\000t\000m\000u\000s}{section.2.2}% 16
\BOOKMARK [1][-]{section.2.3}{\376\377\000M\000e\000t\000a\000h\000e\000u\000r\000i\000s\000t\000i\000k\000y}{chapter.2}% 17
\BOOKMARK [2][-]{subsection.2.3.1}{\376\377\000K\000l\000a\000s\000i\000f\000i\000k\000a\000c\000e}{section.2.3}% 18
\BOOKMARK [2][-]{subsection.2.3.2}{\376\377\000G\000e\000n\000e\000t\000i\000c\000k\000\375\000\040\000a\000l\000g\000o\000r\000i\000t\000m\000u\000s}{section.2.3}% 19
\BOOKMARK [2][-]{subsection.2.3.3}{\376\377\000T\000a\000b\000u\000\040\000p\000r\000o\000h\000l\000e\000d\000\341\000v\000\341\000n\000\355}{section.2.3}% 20
\BOOKMARK [2][-]{subsection.2.3.4}{\376\377\000S\000i\000m\000u\000l\000o\000v\000a\000n\000\351\000\040\001\176\000\355\000h\000\341\000n\000\355}{section.2.3}% 21
\BOOKMARK [2][-]{subsection.2.3.5}{\376\377\000M\000r\000a\000v\000e\000n\001\015\000\355\000\040\000k\000o\000l\000o\000n\000i\000e}{section.2.3}% 22
\BOOKMARK [1][-]{section.2.4}{\376\377\000H\000y\000p\000e\000r\000h\000e\000u\000r\000i\000s\000t\000i\000k\000y}{chapter.2}% 23
\BOOKMARK [2][-]{subsection.2.4.1}{\376\377\000K\000l\000a\000s\000i\000f\000i\000k\000a\000c\000e}{section.2.4}% 24
\BOOKMARK [2][-]{subsection.2.4.2}{\376\377\000E\000P\000H}{section.2.4}% 25
\BOOKMARK [2][-]{subsection.2.4.3}{\376\377\000G\000I\000H\000H\000/\000A\000d\000a\000p\000H\000H}{section.2.4}% 26
\BOOKMARK [2][-]{subsection.2.4.4}{\376\377\000I\000S\000E\000A}{section.2.4}% 27
\BOOKMARK [2][-]{subsection.2.4.5}{\376\377\000L\000e\000a\000n\000G\000I\000H\000H}{section.2.4}% 28
\BOOKMARK [2][-]{subsection.2.4.6}{\376\377\000P\000H\000U\000N\000T\000E\000R}{section.2.4}% 29
\BOOKMARK [1][-]{section.2.5}{\376\377\000O\000p\000t\000i\000m\000a\000l\000i\000z\000a\001\015\000n\000\355\000\040\000f\000r\000a\000m\000e\000w\000o\000r\000k\000y}{chapter.2}% 30
\BOOKMARK [2][-]{subsection.2.5.1}{\376\377\000S\000E\000A\000G\000E}{section.2.5}% 31
\BOOKMARK [2][-]{subsection.2.5.2}{\376\377\000H\000y\000F\000l\000e\000x}{section.2.5}% 32
\BOOKMARK [1][-]{section.2.6}{\376\377\000M\000e\000t\000r\000i\000k\000y}{chapter.2}% 33
\BOOKMARK [2][-]{subsection.2.6.1}{\376\377\000B\000o\000d\000o\000v\000\375\000\040\000s\000y\000s\000t\000\351\000m\000\040\000f\000o\000r\000m\000u\000l\000e\000\040\0001}{section.2.6}% 34
\BOOKMARK [2][-]{subsection.2.6.2}{\376\377\000U\000n\000i\000t\000M\000e\000t\000r\000i\000c}{section.2.6}% 35
\BOOKMARK [0][-]{chapter.3}{\376\377\000I\000m\000p\000l\000e\000m\000e\000n\000t\000a\000c\000e}{}% 36
\BOOKMARK [1][-]{section.3.1}{\376\377\000P\000r\000v\000o\000t\000n\000\355\000\040\000p\001\131\000e\000d\000s\000t\000a\000v\000a\000\040\000i\000m\000p\000l\000e\000m\000e\000n\000t\000a\000c\000e\000\040\000e\000v\000a\000l\000u\000\341\000t\000o\000r\000u\000\040\000k\000\040\000p\000o\000r\000o\000v\000n\000\341\000n\000\355\000\040\000h\000e\000u\000r\000i\000s\000t\000i\000k}{chapter.3}% 37
\BOOKMARK [1][-]{section.3.2}{\376\377\000F\000i\000n\000\341\000l\000n\000\355\000\040\000i\000m\000p\000l\000e\000m\000e\000n\000t\000a\000c\000e\000\040\000e\000v\000a\000l\000u\000\341\000t\000o\000r\000u\000\040\000k\000\040\000p\000o\000r\000o\000v\000n\000\341\000n\000\355\000\040\000h\000e\000u\000r\000i\000s\000t\000i\000k}{chapter.3}% 38
\BOOKMARK [2][-]{subsection.3.2.1}{\376\377\000P\001\131\000e\000d\000s\000t\000a\000v\000e\000n\000\355\000\040\000n\000o\000v\000\351\000h\000o\000\040\000e\000v\000a\000l\000u\000\341\000t\000o\000r\000u\000\040\000h\000e\000u\000r\000i\000s\000t\000i\000k}{section.3.2}% 39
\BOOKMARK [1][-]{section.3.3}{\376\377\000E\000v\000a\000l\000u\000\341\000t\000o\000r\000\040\000v\000e\000\040\000f\000r\000a\000m\000e\000w\000o\000r\000k\000u\000\040\000H\000y\000F\000l\000e\000x}{chapter.3}% 40
\BOOKMARK [2][-]{subsection.3.3.1}{\376\377\000P\000o\000u\001\176\000i\000t\000\351\000\040\000t\001\131\000\355\000d\000y}{section.3.3}% 41
\BOOKMARK [1][-]{section.3.4}{\376\377\000E\000v\000a\000l\000u\000\341\000t\000o\000r\000\040\000v\000e\000\040\000f\000r\000a\000m\000e\000w\000o\000r\000k\000u\000\040\000S\000E\000A\000G\000E}{chapter.3}% 42
\BOOKMARK [2][-]{subsection.3.4.1}{\376\377\000P\000o\000u\001\176\000i\000t\000\351\000\040\000t\001\131\000\355\000d\000y}{section.3.4}% 43
\BOOKMARK [1][-]{section.3.5}{\376\377\000I\000m\000p\000l\000e\000m\000e\000n\000t\000a\000c\000e\000\040\000h\000e\000u\000r\000i\000s\000t\000i\000k\000y\000\040\000v\000e\000\040\000f\000r\000a\000m\000e\000w\000o\000r\000k\000u\000\040\000S\000E\000A\000G\000E}{chapter.3}% 44
\BOOKMARK [0][-]{chapter.4}{\376\377\000E\000x\000p\000e\000r\000i\000m\000e\000n\000t\000y}{}% 45
\BOOKMARK [1][-]{section.4.1}{\376\377\000E\000x\000p\000e\000r\000i\000m\000e\000n\000t}{chapter.4}% 46
\BOOKMARK [0][-]{chapter.5}{\376\377\000Z\000\341\000v\001\033\000r}{}% 47
\BOOKMARK [0][-]{appendix.A}{\376\377\000N\001\033\000j\000a\000k\000\341\000\040\000p\001\131\000\355\000l\000o\000h\000a}{}% 48
\BOOKMARK [0][-]{appendix*.10}{\376\377\000O\000b\000s\000a\000h\000\040\000p\001\131\000i\000l\000o\001\176\000e\000n\000\351\000h\000o\000\040\000m\000\351\000d\000i\000a}{}% 49
